<?xml version="1.0" encoding="UTF-8"?>
<!-- Generated by org.testng.reporters.JUnitXMLReporter -->
<testsuite ignored="0" hostname="DESKTOP-S5LVNE2" failures="0" tests="10" name="Test" time="0.098" errors="0" timestamp="2024-12-30T19:23:07 IST">
  <testcase classname="WebDriverPackage.Multple_TestCase2" name="testCase10" time="0.008"/>
  <testcase classname="WebDriverPackage.Multple_TestCase2" name="testCase6" time="0.001"/>
  <testcase classname="WebDriverPackage.Multple_TestCase2" name="testCase7" time="0.001"/>
  <testcase classname="WebDriverPackage.Multple_TestCase2" name="testCase8" time="0.001"/>
  <testcase classname="WebDriverPackage.Multple_TestCase2" name="testCase9" time="0.006"/>
  <testcase classname="WebDriverPackage.Multiple_TestCase" name="testCase1" time="0.0"/>
  <testcase classname="WebDriverPackage.Multiple_TestCase" name="testCase2" time="0.0"/>
  <testcase classname="WebDriverPackage.Multiple_TestCase" name="testCase3" time="0.0"/>
  <testcase classname="WebDriverPackage.Multiple_TestCase" name="testCase4" time="0.002"/>
  <testcase classname="WebDriverPackage.Multiple_TestCase" name="testCase5" time="0.0"/>
</testsuite> <!-- Test -->
