<?xml version="1.0" encoding="UTF-8"?>
<testsuite xmlns:xsi="http://www.w3.org/2001/XMLSchema-instance" xsi:noNamespaceSchemaLocation="https://maven.apache.org/surefire/maven-surefire-plugin/xsd/surefire-test-report.xsd" version="3.0.2" name="TestSuite" time="0.973" tests="10" errors="0" skipped="0" failures="0">
  <properties>
[...]
</properties>
  <testcase name="testCase10" classname="WebDriverPackage.Multple_TestCase2" time="0.01">
    <system-out><![CDATA[test caes 10
]]></system-out>
    <system-err><![CDATA[SLF4J: Failed to load class "org.slf4j.impl.StaticLoggerBinder".
SLF4J: Defaulting to no-operation (NOP) logger implementation
SLF4J: See http://www.slf4j.org/codes.html#StaticLoggerBinder for further details.
]]></system-err>
  </testcase>
  <testcase name="testCase6" classname="WebDriverPackage.Multple_TestCase2" time="0.003">
    <system-out><![CDATA[test caes 6
]]></system-out>
  </testcase>
  <testcase name="testCase7" classname="WebDriverPackage.Multple_TestCase2" time="0.001">
    <system-out><![CDATA[test caes 7
]]></system-out>
  </testcase>
  <testcase name="testCase8" classname="WebDriverPackage.Multple_TestCase2" time="0.001">
    <system-out><![CDATA[test caes 8
]]></system-out>
  </testcase>
  <testcase name="testCase9" classname="WebDriverPackage.Multple_TestCase2" time="0.003">
    <system-out><![CDATA[test caes 9
]]></system-out>
  </testcase>
  <testcase name="testCase1" classname="WebDriverPackage.Multiple_TestCase" time="0.001">
    <system-out><![CDATA[test caes 1
]]></system-out>
  </testcase>
  <testcase name="testCase2" classname="WebDriverPackage.Multiple_TestCase" time="0.004">
    <system-out><![CDATA[test caes 2
]]></system-out>
  </testcase>
  <testcase name="testCase3" classname="WebDriverPackage.Multiple_TestCase" time="0.003">
    <system-out><![CDATA[test caes 3
]]></system-out>
  </testcase>
  <testcase name="testCase4" classname="WebDriverPackage.Multiple_TestCase" time="0.001">
    <system-out><![CDATA[test caes 4
]]></system-out>
  </testcase>
  <testcase name="testCase5" classname="WebDriverPackage.Multiple_TestCase" time="0.004">
    <system-out><![CDATA[test caes 5
]]></system-out>
  </testcase>
</testsuite>